[INFO ] 2023-09-09 21:47:47.500 [main] LoggerLoad - Loading Config file
[INFO ] 2023-09-09 21:47:47.503 [main] LoggerLoad - Testing on chrome
[INFO ] 2023-09-09 21:47:59.134 [main] LoggerLoad - Initializing driver for : chrome
[INFO ] 2023-09-09 21:47:59.248 [main] LoggerLoad - ===============================================================================================
[INFO ] 2023-09-09 21:47:59.248 [main] LoggerLoad - [@HomePage, @TC_HomePage_01] : Verify admin is able to land on home page
[INFO ] 2023-09-09 21:47:59.248 [main] LoggerLoad - -----------------------------------------------------------------------------------------------
[INFO ] 2023-09-09 21:47:59.269 [main] LoggerLoad - ===============================================================================================
[INFO ] 2023-09-09 21:47:59.270 [main] LoggerLoad - [@HomePage, @TC_HomePage_02] : Verify admin is able to land on home page with invalid URL
[INFO ] 2023-09-09 21:47:59.270 [main] LoggerLoad - -----------------------------------------------------------------------------------------------
[INFO ] 2023-09-09 21:47:59.281 [main] LoggerLoad - ===============================================================================================
[INFO ] 2023-09-09 21:47:59.281 [main] LoggerLoad - [@HomePage, @TC_HomePage_03] : Admin verifies for broken link on the LMS portal
[INFO ] 2023-09-09 21:47:59.281 [main] LoggerLoad - -----------------------------------------------------------------------------------------------
[INFO ] 2023-09-09 21:47:59.288 [main] LoggerLoad - ===============================================================================================
[INFO ] 2023-09-09 21:47:59.288 [main] LoggerLoad - [@HomePage, @TC_HomePage_04] : Admin verifies correct spellings in all fields on the LMS portal
[INFO ] 2023-09-09 21:47:59.288 [main] LoggerLoad - -----------------------------------------------------------------------------------------------
[INFO ] 2023-09-09 21:47:59.293 [main] LoggerLoad - ===============================================================================================
[INFO ] 2023-09-09 21:47:59.293 [main] LoggerLoad - [@HomePage, @TC_HomePage_05] : Admin verifies the presence of the LMS logo
[INFO ] 2023-09-09 21:47:59.293 [main] LoggerLoad - -----------------------------------------------------------------------------------------------
[INFO ] 2023-09-09 21:47:59.307 [main] LoggerLoad - ===============================================================================================
[INFO ] 2023-09-09 21:47:59.307 [main] LoggerLoad - [@HomePage, @TC_HomePage_06] : Admin verifies that the LMS logo is properly aligned
[INFO ] 2023-09-09 21:47:59.307 [main] LoggerLoad - -----------------------------------------------------------------------------------------------
[INFO ] 2023-09-09 21:47:59.312 [main] LoggerLoad - ===============================================================================================
[INFO ] 2023-09-09 21:47:59.313 [main] LoggerLoad - [@HomePage, @TC_HomePage_07] : Admin verifies the presence of the login button
[INFO ] 2023-09-09 21:47:59.313 [main] LoggerLoad - -----------------------------------------------------------------------------------------------
[INFO ] 2023-09-09 21:47:59.318 [main] LoggerLoad - ===============================================================================================
[INFO ] 2023-09-09 21:47:59.318 [main] LoggerLoad - [@HomePage, @TC_Register_08] : Admin verifies that the Login button is clickable
[INFO ] 2023-09-09 21:47:59.319 [main] LoggerLoad - -----------------------------------------------------------------------------------------------
[INFO ] 2023-09-09 21:47:59.321 [main] LoggerLoad - Closing Driver
[INFO ] 2023-09-09 22:05:21.598 [main] LoggerLoad - Loading Config file
[INFO ] 2023-09-09 22:05:21.604 [main] LoggerLoad - Testing on chrome
[INFO ] 2023-09-09 22:05:30.771 [main] LoggerLoad - Initializing driver for : chrome
[INFO ] 2023-09-09 22:05:31.240 [main] LoggerLoad - ===============================================================================================
[INFO ] 2023-09-09 22:05:31.241 [main] LoggerLoad - [@HomePage, @TC_HomePage_01] : Verify admin is able to land on home page
[INFO ] 2023-09-09 22:05:31.241 [main] LoggerLoad - -----------------------------------------------------------------------------------------------
[INFO ] 2023-09-09 22:05:31.349 [main] LoggerLoad - ===============================================================================================
[INFO ] 2023-09-09 22:05:31.349 [main] LoggerLoad - [@HomePage, @TC_HomePage_02] : Verify admin is able to land on home page with invalid URL
[INFO ] 2023-09-09 22:05:31.349 [main] LoggerLoad - -----------------------------------------------------------------------------------------------
[INFO ] 2023-09-09 22:05:31.383 [main] LoggerLoad - ===============================================================================================
[INFO ] 2023-09-09 22:05:31.384 [main] LoggerLoad - [@HomePage, @TC_HomePage_03] : Admin verifies for broken link on the LMS portal
[INFO ] 2023-09-09 22:05:31.384 [main] LoggerLoad - -----------------------------------------------------------------------------------------------
[INFO ] 2023-09-09 22:05:31.510 [main] LoggerLoad - ===============================================================================================
[INFO ] 2023-09-09 22:05:31.511 [main] LoggerLoad - [@HomePage, @TC_HomePage_04] : Admin verifies correct spellings in all fields on the LMS portal
[INFO ] 2023-09-09 22:05:31.511 [main] LoggerLoad - -----------------------------------------------------------------------------------------------
[INFO ] 2023-09-09 22:05:31.534 [main] LoggerLoad - ===============================================================================================
[INFO ] 2023-09-09 22:05:31.534 [main] LoggerLoad - [@HomePage, @TC_HomePage_05] : Admin verifies the presence of the LMS logo
[INFO ] 2023-09-09 22:05:31.534 [main] LoggerLoad - -----------------------------------------------------------------------------------------------
[INFO ] 2023-09-09 22:05:31.565 [main] LoggerLoad - ===============================================================================================
[INFO ] 2023-09-09 22:05:31.565 [main] LoggerLoad - [@HomePage, @TC_HomePage_06] : Admin verifies that the LMS logo is properly aligned
[INFO ] 2023-09-09 22:05:31.566 [main] LoggerLoad - -----------------------------------------------------------------------------------------------
[INFO ] 2023-09-09 22:05:31.594 [main] LoggerLoad - ===============================================================================================
[INFO ] 2023-09-09 22:05:31.594 [main] LoggerLoad - [@HomePage, @TC_HomePage_07] : Admin verifies the presence of the login button
[INFO ] 2023-09-09 22:05:31.594 [main] LoggerLoad - -----------------------------------------------------------------------------------------------
[INFO ] 2023-09-09 22:05:31.619 [main] LoggerLoad - ===============================================================================================
[INFO ] 2023-09-09 22:05:31.620 [main] LoggerLoad - [@HomePage, @TC_Register_08] : Admin verifies that the Login button is clickable
[INFO ] 2023-09-09 22:05:31.620 [main] LoggerLoad - -----------------------------------------------------------------------------------------------
[INFO ] 2023-09-09 22:05:31.661 [main] LoggerLoad - ===============================================================================================
[INFO ] 2023-09-09 22:05:31.661 [main] LoggerLoad - [@LoginPage, @TC_LoginPage_01] : Verify Admin is able to land on the login page
[INFO ] 2023-09-09 22:05:31.661 [main] LoggerLoad - -----------------------------------------------------------------------------------------------
[INFO ] 2023-09-09 22:05:31.678 [main] LoggerLoad - ===============================================================================================
[INFO ] 2023-09-09 22:05:31.679 [main] LoggerLoad - [@LoginPage, @TC_LoginPage_02] : Admin verifies for broken link on the login page
[INFO ] 2023-09-09 22:05:31.679 [main] LoggerLoad - -----------------------------------------------------------------------------------------------
[INFO ] 2023-09-09 22:05:31.697 [main] LoggerLoad - ===============================================================================================
[INFO ] 2023-09-09 22:05:31.698 [main] LoggerLoad - [@LoginPage, @TC_LoginPage_03] : Admin Verify the header of the login page
[INFO ] 2023-09-09 22:05:31.698 [main] LoggerLoad - -----------------------------------------------------------------------------------------------
[INFO ] 2023-09-09 22:05:31.718 [main] LoggerLoad - ===============================================================================================
[INFO ] 2023-09-09 22:05:31.719 [main] LoggerLoad - [@LoginPage, @TC_LoginPage_04] : Admin verifies correct spellings in all fields on the Login page
[INFO ] 2023-09-09 22:05:31.719 [main] LoggerLoad - -----------------------------------------------------------------------------------------------
[INFO ] 2023-09-09 22:05:31.733 [main] LoggerLoad - ===============================================================================================
[INFO ] 2023-09-09 22:05:31.733 [main] LoggerLoad - [@LoginPage, @TC_LoginPage_05] : Admin Verify the text fields are present on the login page
[INFO ] 2023-09-09 22:05:31.733 [main] LoggerLoad - -----------------------------------------------------------------------------------------------
[INFO ] 2023-09-09 22:05:31.752 [main] LoggerLoad - ===============================================================================================
[INFO ] 2023-09-09 22:05:31.752 [main] LoggerLoad - [@LoginPage, @TC_LoginPage_06] : Admin Verify the text on the first text field on the login page
[INFO ] 2023-09-09 22:05:31.752 [main] LoggerLoad - -----------------------------------------------------------------------------------------------
[INFO ] 2023-09-09 22:05:31.770 [main] LoggerLoad - ===============================================================================================
[INFO ] 2023-09-09 22:05:31.770 [main] LoggerLoad - [@LoginPage, @TC_LoginPage_07] : Admin Verify asterik next to the user text
[INFO ] 2023-09-09 22:05:31.770 [main] LoggerLoad - -----------------------------------------------------------------------------------------------
[INFO ] 2023-09-09 22:05:31.790 [main] LoggerLoad - ===============================================================================================
[INFO ] 2023-09-09 22:05:31.790 [main] LoggerLoad - [@LoginPage, @TC_LoginPage_08] : Admin Verify the text on the second text field in the login page
[INFO ] 2023-09-09 22:05:31.790 [main] LoggerLoad - -----------------------------------------------------------------------------------------------
[INFO ] 2023-09-09 22:05:31.817 [main] LoggerLoad - ===============================================================================================
[INFO ] 2023-09-09 22:05:31.817 [main] LoggerLoad - [@LoginPage, @TC_LoginPage_09] : Admin Verify asterik next to the password text
[INFO ] 2023-09-09 22:05:31.817 [main] LoggerLoad - -----------------------------------------------------------------------------------------------
[INFO ] 2023-09-09 22:05:31.832 [main] LoggerLoad - ===============================================================================================
[INFO ] 2023-09-09 22:05:31.832 [main] LoggerLoad - [@LoginPage, @TC_LoginPage_10] : Admin Verify the alignment of the input fields on the login page
[INFO ] 2023-09-09 22:05:31.832 [main] LoggerLoad - -----------------------------------------------------------------------------------------------
[INFO ] 2023-09-09 22:05:31.851 [main] LoggerLoad - ===============================================================================================
[INFO ] 2023-09-09 22:05:31.851 [main] LoggerLoad - [@LoginPage, @TC_LoginPage_11] : Admin verifies the presence of the Login button on the login page
[INFO ] 2023-09-09 22:05:31.851 [main] LoggerLoad - -----------------------------------------------------------------------------------------------
[INFO ] 2023-09-09 22:05:31.900 [main] LoggerLoad - ===============================================================================================
[INFO ] 2023-09-09 22:05:31.900 [main] LoggerLoad - [@LoginPage, @TC_LoginPage_12] : Admin Verify the alignment of the Login button on the login page
[INFO ] 2023-09-09 22:05:31.900 [main] LoggerLoad - -----------------------------------------------------------------------------------------------
[INFO ] 2023-09-09 22:05:31.916 [main] LoggerLoad - ===============================================================================================
[INFO ] 2023-09-09 22:05:31.916 [main] LoggerLoad - [@LoginPage, @TC_LoginPage_13] : Admin verifies the presence of the Forgot Username or Password on the login page
[INFO ] 2023-09-09 22:05:31.916 [main] LoggerLoad - -----------------------------------------------------------------------------------------------
[INFO ] 2023-09-09 22:05:31.933 [main] LoggerLoad - ===============================================================================================
[INFO ] 2023-09-09 22:05:31.933 [main] LoggerLoad - [@LoginPage, @TC_LoginPage_14] : Admin verifies the presence of the Reset Password on the login page
[INFO ] 2023-09-09 22:05:31.933 [main] LoggerLoad - -----------------------------------------------------------------------------------------------
[INFO ] 2023-09-09 22:05:31.948 [main] LoggerLoad - ===============================================================================================
[INFO ] 2023-09-09 22:05:31.948 [main] LoggerLoad - [@LoginPage, @TC_LoginPage_15] : Admin Verify the input text color in User field
[INFO ] 2023-09-09 22:05:31.948 [main] LoggerLoad - -----------------------------------------------------------------------------------------------
[INFO ] 2023-09-09 22:05:31.958 [main] LoggerLoad - ===============================================================================================
[INFO ] 2023-09-09 22:05:31.958 [main] LoggerLoad - [@LoginPage, @TC_LoginPage_16] : Admin Verify the input text color in Password field
[INFO ] 2023-09-09 22:05:31.958 [main] LoggerLoad - -----------------------------------------------------------------------------------------------
[INFO ] 2023-09-09 22:05:31.990 [main] LoggerLoad - ===============================================================================================
[INFO ] 2023-09-09 22:05:31.990 [main] LoggerLoad - [@LoginCredentials, @TC_LoginCredentials_01] : Validate login with valid credentials
[INFO ] 2023-09-09 22:05:31.990 [main] LoggerLoad - -----------------------------------------------------------------------------------------------
[INFO ] 2023-09-09 22:05:32.029 [main] LoggerLoad - ===============================================================================================
[INFO ] 2023-09-09 22:05:32.029 [main] LoggerLoad - [@LoginCredentials, @TC_LoginCredentials_02] : Validate login with invalid creadentials
[INFO ] 2023-09-09 22:05:32.029 [main] LoggerLoad - -----------------------------------------------------------------------------------------------
[INFO ] 2023-09-09 22:05:32.048 [main] LoggerLoad - ===============================================================================================
[INFO ] 2023-09-09 22:05:32.048 [main] LoggerLoad - [@LoginCredentials, @TC_LoginCredentials_03] : Validate login with valid Username and invalid Password
[INFO ] 2023-09-09 22:05:32.048 [main] LoggerLoad - -----------------------------------------------------------------------------------------------
[INFO ] 2023-09-09 22:05:32.063 [main] LoggerLoad - ===============================================================================================
[INFO ] 2023-09-09 22:05:32.063 [main] LoggerLoad - [@LoginCredentials, @TC_LoginCredentials_04] : Validate login with invalid Username and valid Password
[INFO ] 2023-09-09 22:05:32.063 [main] LoggerLoad - -----------------------------------------------------------------------------------------------
[INFO ] 2023-09-09 22:05:32.075 [main] LoggerLoad - ===============================================================================================
[INFO ] 2023-09-09 22:05:32.076 [main] LoggerLoad - [@LoginCredentials, @TC_LoginCredentials_05] : Validate login with empty username
[INFO ] 2023-09-09 22:05:32.076 [main] LoggerLoad - -----------------------------------------------------------------------------------------------
[INFO ] 2023-09-09 22:05:32.087 [main] LoggerLoad - ===============================================================================================
[INFO ] 2023-09-09 22:05:32.087 [main] LoggerLoad - [@LoginCredentials, @TC_LoginCredentials_06] : Validate login with empty password
[INFO ] 2023-09-09 22:05:32.087 [main] LoggerLoad - -----------------------------------------------------------------------------------------------
[INFO ] 2023-09-09 22:05:32.105 [main] LoggerLoad - ===============================================================================================
[INFO ] 2023-09-09 22:05:32.105 [main] LoggerLoad - [@LoginCredentials, @TC_LoginCredentials_07] : Validate login with empty username and password
[INFO ] 2023-09-09 22:05:32.105 [main] LoggerLoad - -----------------------------------------------------------------------------------------------
[INFO ] 2023-09-09 22:05:32.119 [main] LoggerLoad - ===============================================================================================
[INFO ] 2023-09-09 22:05:32.120 [main] LoggerLoad - [@LoginCredentials, @TC_LoginCredentials_08] : Verify login button action through keyboard
[INFO ] 2023-09-09 22:05:32.120 [main] LoggerLoad - -----------------------------------------------------------------------------------------------
[INFO ] 2023-09-09 22:05:32.133 [main] LoggerLoad - ===============================================================================================
[INFO ] 2023-09-09 22:05:32.134 [main] LoggerLoad - [@LoginCredentials, @TC_LoginCredentials_09] : Verify login button action through mouse action
[INFO ] 2023-09-09 22:05:32.134 [main] LoggerLoad - -----------------------------------------------------------------------------------------------
[INFO ] 2023-09-09 22:05:32.150 [main] LoggerLoad - ===============================================================================================
[INFO ] 2023-09-09 22:05:32.151 [main] LoggerLoad - [@ForgotUsernamePassword, @TC_ForgotUsernamePassword_01] : Admin Verify Forgot Username or Password link
[INFO ] 2023-09-09 22:05:32.151 [main] LoggerLoad - -----------------------------------------------------------------------------------------------
[INFO ] 2023-09-09 22:05:32.164 [main] LoggerLoad - ===============================================================================================
[INFO ] 2023-09-09 22:05:32.164 [main] LoggerLoad - [@ForgotUsernamePassword, @TC_ForgotUsernamePassword_02] : Admin verify broken link for Forgot Username or Password link
[INFO ] 2023-09-09 22:05:32.164 [main] LoggerLoad - -----------------------------------------------------------------------------------------------
[INFO ] 2023-09-09 22:05:32.181 [main] LoggerLoad - ===============================================================================================
[INFO ] 2023-09-09 22:05:32.181 [main] LoggerLoad - [@ForgotUsernamePassword, @TC_ForgotUsernamePassword_03] : Admin Verify the Email text color
[INFO ] 2023-09-09 22:05:32.181 [main] LoggerLoad - -----------------------------------------------------------------------------------------------
[INFO ] 2023-09-09 22:05:32.198 [main] LoggerLoad - ===============================================================================================
[INFO ] 2023-09-09 22:05:32.200 [main] LoggerLoad - [@ForgotUsernamePassword, @TC_ForgotUsernamePassword_04] : Admin Verify send link button is present
[INFO ] 2023-09-09 22:05:32.200 [main] LoggerLoad - -----------------------------------------------------------------------------------------------
[INFO ] 2023-09-09 22:05:32.295 [main] LoggerLoad - ===============================================================================================
[INFO ] 2023-09-09 22:05:32.296 [main] LoggerLoad - [@ForgotUsernamePassword, @TC_ForgotUsernamePassword_05] : Admin Verify Send Link button is present
[INFO ] 2023-09-09 22:05:32.296 [main] LoggerLoad - -----------------------------------------------------------------------------------------------
[INFO ] 2023-09-09 22:05:32.309 [main] LoggerLoad - ===============================================================================================
[INFO ] 2023-09-09 22:05:32.310 [main] LoggerLoad - [@ForgotUsernamePassword, @TC_ForgotUsernamePassword_06] : Admin Verify asterik near to the Email text
[INFO ] 2023-09-09 22:05:32.310 [main] LoggerLoad - -----------------------------------------------------------------------------------------------
[INFO ] 2023-09-09 22:05:32.317 [main] LoggerLoad - ===============================================================================================
[INFO ] 2023-09-09 22:05:32.318 [main] LoggerLoad - [@ForgotUsernamePassword, @TC_ForgotUsernamePassword_07] : Admin Verify the text spelling
[INFO ] 2023-09-09 22:05:32.318 [main] LoggerLoad - -----------------------------------------------------------------------------------------------
[INFO ] 2023-09-09 22:05:32.326 [main] LoggerLoad - ===============================================================================================
[INFO ] 2023-09-09 22:05:32.327 [main] LoggerLoad - [@ForgotUsernamePassword, @TC_ForgotUsernamePassword_08] : Admin Verify the alignment of the Send Link button
[INFO ] 2023-09-09 22:05:32.327 [main] LoggerLoad - -----------------------------------------------------------------------------------------------
[INFO ] 2023-09-09 22:05:32.352 [main] LoggerLoad - ===============================================================================================
[INFO ] 2023-09-09 22:05:32.353 [main] LoggerLoad - [@SendLink, @TC_SendLink_01] : Validate Email sent for Forgot Username or Password with valid email id
[INFO ] 2023-09-09 22:05:32.353 [main] LoggerLoad - -----------------------------------------------------------------------------------------------
[INFO ] 2023-09-09 22:05:32.377 [main] LoggerLoad - ===============================================================================================
[INFO ] 2023-09-09 22:05:32.378 [main] LoggerLoad - [@SendLink, @TC_SendLink_02] : Validate Email sent for Forgot Username or Password with invalid email id
[INFO ] 2023-09-09 22:05:32.378 [main] LoggerLoad - -----------------------------------------------------------------------------------------------
[INFO ] 2023-09-09 22:05:32.409 [main] LoggerLoad - ===============================================================================================
[INFO ] 2023-09-09 22:05:32.409 [main] LoggerLoad - [@ResetPassword, @TC_ResetPassword_01] : Verify Reset Password link
[INFO ] 2023-09-09 22:05:32.409 [main] LoggerLoad - -----------------------------------------------------------------------------------------------
[INFO ] 2023-09-09 22:05:32.424 [main] LoggerLoad - ===============================================================================================
[INFO ] 2023-09-09 22:05:32.425 [main] LoggerLoad - [@ResetPassword, @TC_ResetPassword_02] : Verify text in the page
[INFO ] 2023-09-09 22:05:32.425 [main] LoggerLoad - -----------------------------------------------------------------------------------------------
[INFO ] 2023-09-09 22:05:32.450 [main] LoggerLoad - ===============================================================================================
[INFO ] 2023-09-09 22:05:32.450 [main] LoggerLoad - [@ResetPassword, @TC_ResetPassword_03] : Verify the presence of Submit button
[INFO ] 2023-09-09 22:05:32.450 [main] LoggerLoad - -----------------------------------------------------------------------------------------------
[INFO ] 2023-09-09 22:05:32.462 [main] LoggerLoad - ===============================================================================================
[INFO ] 2023-09-09 22:05:32.462 [main] LoggerLoad - [@ResetPassword, @TC_ResetPassword_04] : Verify the alignment of the Submit button
[INFO ] 2023-09-09 22:05:32.462 [main] LoggerLoad - -----------------------------------------------------------------------------------------------
[INFO ] 2023-09-09 22:05:32.471 [main] LoggerLoad - ===============================================================================================
[INFO ] 2023-09-09 22:05:32.471 [main] LoggerLoad - [@ResetPassword, @TC_ResetPassword_05] : Verify text box is present in the page
[INFO ] 2023-09-09 22:05:32.471 [main] LoggerLoad - -----------------------------------------------------------------------------------------------
[INFO ] 2023-09-09 22:05:32.483 [main] LoggerLoad - ===============================================================================================
[INFO ] 2023-09-09 22:05:32.484 [main] LoggerLoad - [@ResetPassword, @TC_ResetPassword_06] : Verify First label text
[INFO ] 2023-09-09 22:05:32.484 [main] LoggerLoad - -----------------------------------------------------------------------------------------------
[INFO ] 2023-09-09 22:05:32.493 [main] LoggerLoad - ===============================================================================================
[INFO ] 2023-09-09 22:05:32.493 [main] LoggerLoad - [@ResetPassword, @TC_ResetPassword_07] : Verify Second label text
[INFO ] 2023-09-09 22:05:32.493 [main] LoggerLoad - -----------------------------------------------------------------------------------------------
[INFO ] 2023-09-09 22:05:32.507 [main] LoggerLoad - ===============================================================================================
[INFO ] 2023-09-09 22:05:32.507 [main] LoggerLoad - [@ResetPassword, @TC_ResetPassword_08] : Verify both the text box is in disabled state
[INFO ] 2023-09-09 22:05:32.507 [main] LoggerLoad - -----------------------------------------------------------------------------------------------
[INFO ] 2023-09-09 22:05:32.518 [main] LoggerLoad - ===============================================================================================
[INFO ] 2023-09-09 22:05:32.518 [main] LoggerLoad - [@ResetPasswordDetails, @TC_ResetPasswordDetails_01] : Verify text box is enabled in Type in new Password field
[INFO ] 2023-09-09 22:05:32.518 [main] LoggerLoad - -----------------------------------------------------------------------------------------------
[INFO ] 2023-09-09 22:05:32.536 [main] LoggerLoad - ===============================================================================================
[INFO ] 2023-09-09 22:05:32.536 [main] LoggerLoad - [@ResetPasswordDetails, @TC_ResetPasswordDetails_02] : Verify text box is enabled in Retype Password field
[INFO ] 2023-09-09 22:05:32.536 [main] LoggerLoad - -----------------------------------------------------------------------------------------------
[INFO ] 2023-09-09 22:05:32.553 [main] LoggerLoad - ===============================================================================================
[INFO ] 2023-09-09 22:05:32.568 [main] LoggerLoad - [@ResetPasswordDetails, @TC_ResetPasswordDetails_03] : Validate Reset Password with valid details
[INFO ] 2023-09-09 22:05:32.569 [main] LoggerLoad - -----------------------------------------------------------------------------------------------
[INFO ] 2023-09-09 22:05:32.590 [main] LoggerLoad - ===============================================================================================
[INFO ] 2023-09-09 22:05:32.591 [main] LoggerLoad - [@ResetPasswordDetails, @TC_ResetPasswordDetails_04] : Validate Reset Password with invalid details
[INFO ] 2023-09-09 22:05:32.591 [main] LoggerLoad - -----------------------------------------------------------------------------------------------
[INFO ] 2023-09-09 22:05:32.618 [main] LoggerLoad - ===============================================================================================
[INFO ] 2023-09-09 22:05:32.618 [main] LoggerLoad - [@ResetPasswordDetails, @TC_ResetPasswordDetails_05] : Validate Reset Password with empty fields
[INFO ] 2023-09-09 22:05:32.618 [main] LoggerLoad - -----------------------------------------------------------------------------------------------
[INFO ] 2023-09-09 22:05:32.629 [main] LoggerLoad - ===============================================================================================
[INFO ] 2023-09-09 22:05:32.630 [main] LoggerLoad - [@ResetPasswordDetails, @TC_ResetPasswordDetails_06] : Validate Reset Password with mismatch values
[INFO ] 2023-09-09 22:05:32.630 [main] LoggerLoad - -----------------------------------------------------------------------------------------------
[INFO ] 2023-09-09 22:05:32.649 [main] LoggerLoad - ===============================================================================================
[INFO ] 2023-09-09 22:05:32.650 [main] LoggerLoad - [@Dashboard, @TC_Dashboard_01] : Verify Admin lands on Manage Program as Dashboard page after login
[INFO ] 2023-09-09 22:05:32.650 [main] LoggerLoad - -----------------------------------------------------------------------------------------------
[INFO ] 2023-09-09 22:05:32.662 [main] LoggerLoad - ===============================================================================================
[INFO ] 2023-09-09 22:05:32.662 [main] LoggerLoad - [@Dashboard, @TC_Dashboard_02] : Verify the response time
[INFO ] 2023-09-09 22:05:32.662 [main] LoggerLoad - -----------------------------------------------------------------------------------------------
[INFO ] 2023-09-09 22:05:32.680 [main] LoggerLoad - ===============================================================================================
[INFO ] 2023-09-09 22:05:32.680 [main] LoggerLoad - [@Dashboard, @TC_Dashboard_03] : Verify broken link
[INFO ] 2023-09-09 22:05:32.680 [main] LoggerLoad - -----------------------------------------------------------------------------------------------
[INFO ] 2023-09-09 22:05:32.692 [main] LoggerLoad - ===============================================================================================
[INFO ] 2023-09-09 22:05:32.692 [main] LoggerLoad - [@Dashboard, @TC_Dashboard_04] : Verify LMS title
[INFO ] 2023-09-09 22:05:32.692 [main] LoggerLoad - -----------------------------------------------------------------------------------------------
[INFO ] 2023-09-09 22:05:32.703 [main] LoggerLoad - ===============================================================================================
[INFO ] 2023-09-09 22:05:32.703 [main] LoggerLoad - [@Dashboard, @TC_Dashboard_05] : Verify LMS title alignment
[INFO ] 2023-09-09 22:05:32.703 [main] LoggerLoad - -----------------------------------------------------------------------------------------------
[INFO ] 2023-09-09 22:05:32.711 [main] LoggerLoad - ===============================================================================================
[INFO ] 2023-09-09 22:05:32.711 [main] LoggerLoad - [@Dashboard, @TC_Dashboard_06] : Validate navigation bar text
[INFO ] 2023-09-09 22:05:32.711 [main] LoggerLoad - -----------------------------------------------------------------------------------------------
[INFO ] 2023-09-09 22:05:32.721 [main] LoggerLoad - ===============================================================================================
[INFO ] 2023-09-09 22:05:32.723 [main] LoggerLoad - [@Dashboard, @TC_Dashboard_07] : Validate LMS title has correct spelling and space
[INFO ] 2023-09-09 22:05:32.724 [main] LoggerLoad - -----------------------------------------------------------------------------------------------
[INFO ] 2023-09-09 22:05:32.740 [main] LoggerLoad - ===============================================================================================
[INFO ] 2023-09-09 22:05:32.740 [main] LoggerLoad - [@Dashboard, @TC_Dashboard_08] : Validate alignment for navigation bar
[INFO ] 2023-09-09 22:05:32.740 [main] LoggerLoad - -----------------------------------------------------------------------------------------------
[INFO ] 2023-09-09 22:05:32.757 [main] LoggerLoad - ===============================================================================================
[INFO ] 2023-09-09 22:05:32.757 [main] LoggerLoad - [@Dashboard, @TC_Dashboard_09] : Validate navigation bar order 1st Student
[INFO ] 2023-09-09 22:05:32.757 [main] LoggerLoad - -----------------------------------------------------------------------------------------------
[INFO ] 2023-09-09 22:05:32.778 [main] LoggerLoad - ===============================================================================================
[INFO ] 2023-09-09 22:05:32.778 [main] LoggerLoad - [@Dashboard, @TC_Dashboard_10] : Validate navigation bar order 2nd Program
[INFO ] 2023-09-09 22:05:32.778 [main] LoggerLoad - -----------------------------------------------------------------------------------------------
[INFO ] 2023-09-09 22:05:32.792 [main] LoggerLoad - ===============================================================================================
[INFO ] 2023-09-09 22:05:32.792 [main] LoggerLoad - [@Dashboard, @TC_Dashboard_11] : Validate navigation bar order 3rd Batch
[INFO ] 2023-09-09 22:05:32.792 [main] LoggerLoad - -----------------------------------------------------------------------------------------------
[INFO ] 2023-09-09 22:05:32.809 [main] LoggerLoad - ===============================================================================================
[INFO ] 2023-09-09 22:05:32.809 [main] LoggerLoad - [@Dashboard, @TC_Dashboard_12] : Validate navigation bar order 4th Class
[INFO ] 2023-09-09 22:05:32.809 [main] LoggerLoad - -----------------------------------------------------------------------------------------------
[INFO ] 2023-09-09 22:05:32.831 [main] LoggerLoad - ===============================================================================================
[INFO ] 2023-09-09 22:05:32.832 [main] LoggerLoad - [@Dashboard, @TC_Dashboard_13] : Validate navigation bar order 5th User
[INFO ] 2023-09-09 22:05:32.832 [main] LoggerLoad - -----------------------------------------------------------------------------------------------
[INFO ] 2023-09-09 22:05:32.853 [main] LoggerLoad - ===============================================================================================
[INFO ] 2023-09-09 22:05:32.853 [main] LoggerLoad - [@Dashboard, @TC_Dashboard_14] : Validate navigation bar order 6th Assignment
[INFO ] 2023-09-09 22:05:32.853 [main] LoggerLoad - -----------------------------------------------------------------------------------------------
[INFO ] 2023-09-09 22:05:32.871 [main] LoggerLoad - ===============================================================================================
[INFO ] 2023-09-09 22:05:32.871 [main] LoggerLoad - [@Dashboard, @TC_Dashboard_15] : Validate navigation bar order 7th Attendance
[INFO ] 2023-09-09 22:05:32.871 [main] LoggerLoad - -----------------------------------------------------------------------------------------------
[INFO ] 2023-09-09 22:05:32.892 [main] LoggerLoad - ===============================================================================================
[INFO ] 2023-09-09 22:05:32.892 [main] LoggerLoad - [@Dashboard, @TC_Dashboard_16] : Validate navigation bar order 8th Logout
[INFO ] 2023-09-09 22:05:32.892 [main] LoggerLoad - -----------------------------------------------------------------------------------------------
[INFO ] 2023-09-09 22:05:33.011 [main] LoggerLoad - ===============================================================================================
[INFO ] 2023-09-09 22:05:33.012 [main] LoggerLoad - [@Logout, @TC_Logout_01] : Verify Logout button function
[INFO ] 2023-09-09 22:05:33.012 [main] LoggerLoad - -----------------------------------------------------------------------------------------------
[INFO ] 2023-09-09 22:05:33.049 [main] LoggerLoad - ===============================================================================================
[INFO ] 2023-09-09 22:05:33.050 [main] LoggerLoad - [@Register, @TC_Register_01] : User launch home page of an dsalgo project
[INFO ] 2023-09-09 22:05:33.050 [main] LoggerLoad - -----------------------------------------------------------------------------------------------
[INFO ] 2023-09-09 22:05:33.060 [main] LoggerLoad - ===============================================================================================
[INFO ] 2023-09-09 22:05:33.061 [main] LoggerLoad - [@Register, @TC_Register_02] : The user is presented with error message for empty fields below Username textbox
[INFO ] 2023-09-09 22:05:33.061 [main] LoggerLoad - -----------------------------------------------------------------------------------------------
[INFO ] 2023-09-09 22:05:33.072 [main] LoggerLoad - ===============================================================================================
[INFO ] 2023-09-09 22:05:33.072 [main] LoggerLoad - [@Register, @TC_Register_03] : The user is presented with error message for empty fields below Password textbox
[INFO ] 2023-09-09 22:05:33.072 [main] LoggerLoad - -----------------------------------------------------------------------------------------------
[INFO ] 2023-09-09 22:05:33.087 [main] LoggerLoad - ===============================================================================================
[INFO ] 2023-09-09 22:05:33.087 [main] LoggerLoad - [@Register, @TC_Register_04] : The user is presented with error message for empty fields below Password Confirmation textbox
[INFO ] 2023-09-09 22:05:33.087 [main] LoggerLoad - -----------------------------------------------------------------------------------------------
[INFO ] 2023-09-09 22:05:33.102 [main] LoggerLoad - ===============================================================================================
[INFO ] 2023-09-09 22:05:33.102 [main] LoggerLoad - [@Register, @TC_Register_05] : The user is presented with error message for invalid username
[INFO ] 2023-09-09 22:05:33.102 [main] LoggerLoad - -----------------------------------------------------------------------------------------------
[INFO ] 2023-09-09 22:05:33.115 [main] LoggerLoad - ===============================================================================================
[INFO ] 2023-09-09 22:05:33.116 [main] LoggerLoad - [@Register, @TC_Register_06] : The user is presented with error message for username already exists
[INFO ] 2023-09-09 22:05:33.116 [main] LoggerLoad - -----------------------------------------------------------------------------------------------
[INFO ] 2023-09-09 22:05:33.133 [main] LoggerLoad - ===============================================================================================
[INFO ] 2023-09-09 22:05:33.134 [main] LoggerLoad - [@Register, @TC_Register_07] : The user is presented with error message for password mismatch
[INFO ] 2023-09-09 22:05:33.134 [main] LoggerLoad - -----------------------------------------------------------------------------------------------
[INFO ] 2023-09-09 22:05:33.150 [main] LoggerLoad - ===============================================================================================
[INFO ] 2023-09-09 22:05:33.150 [main] LoggerLoad - [@Register, @TC_Register_08] : The user is presented with error message for password with characters less than 8
[INFO ] 2023-09-09 22:05:33.150 [main] LoggerLoad - -----------------------------------------------------------------------------------------------
[INFO ] 2023-09-09 22:05:33.172 [main] LoggerLoad - ===============================================================================================
[INFO ] 2023-09-09 22:05:33.172 [main] LoggerLoad - [@Register, @TC_Register_09] : The user is presented with error message for password with only numbers
[INFO ] 2023-09-09 22:05:33.172 [main] LoggerLoad - -----------------------------------------------------------------------------------------------
[INFO ] 2023-09-09 22:05:33.184 [main] LoggerLoad - ===============================================================================================
[INFO ] 2023-09-09 22:05:33.184 [main] LoggerLoad - [@Register, @TC_Register_10] : The user is presented with error message for password too similar to your other personal information
[INFO ] 2023-09-09 22:05:33.184 [main] LoggerLoad - -----------------------------------------------------------------------------------------------
[INFO ] 2023-09-09 22:05:33.197 [main] LoggerLoad - ===============================================================================================
[INFO ] 2023-09-09 22:05:33.197 [main] LoggerLoad - [@Register, @TC_Register_11] : The user is presented with error message for commonly used password
[INFO ] 2023-09-09 22:05:33.197 [main] LoggerLoad - -----------------------------------------------------------------------------------------------
[INFO ] 2023-09-09 22:05:33.211 [main] LoggerLoad - ===============================================================================================
[INFO ] 2023-09-09 22:05:33.212 [main] LoggerLoad - [@Register, @TC_Register_12] : The user is succesfully able to register
[INFO ] 2023-09-09 22:05:33.212 [main] LoggerLoad - -----------------------------------------------------------------------------------------------
[INFO ] 2023-09-09 22:05:33.227 [main] LoggerLoad - ===============================================================================================
[INFO ] 2023-09-09 22:05:33.227 [main] LoggerLoad - [@Register, @TC_Register_13] : The user is able to signout from the registered page
[INFO ] 2023-09-09 22:05:33.227 [main] LoggerLoad - -----------------------------------------------------------------------------------------------
[INFO ] 2023-09-09 22:05:33.256 [main] LoggerLoad - ===============================================================================================
[INFO ] 2023-09-09 22:05:33.256 [main] LoggerLoad - [@Register, @TC_Register_01] : User launch home page of an dsalgo project
[INFO ] 2023-09-09 22:05:33.256 [main] LoggerLoad - -----------------------------------------------------------------------------------------------
[INFO ] 2023-09-09 22:05:33.273 [main] LoggerLoad - ===============================================================================================
[INFO ] 2023-09-09 22:05:33.273 [main] LoggerLoad - [@Register, @TC_Register_02] : The user is presented with error message for empty fields below Username textbox
[INFO ] 2023-09-09 22:05:33.273 [main] LoggerLoad - -----------------------------------------------------------------------------------------------
[INFO ] 2023-09-09 22:05:33.288 [main] LoggerLoad - ===============================================================================================
[INFO ] 2023-09-09 22:05:33.289 [main] LoggerLoad - [@Register, @TC_Register_03] : The user is presented with error message for empty fields below Password textbox
[INFO ] 2023-09-09 22:05:33.289 [main] LoggerLoad - -----------------------------------------------------------------------------------------------
[INFO ] 2023-09-09 22:05:33.310 [main] LoggerLoad - ===============================================================================================
[INFO ] 2023-09-09 22:05:33.310 [main] LoggerLoad - [@Register, @TC_Register_04] : The user is presented with error message for empty fields below Password Confirmation textbox
[INFO ] 2023-09-09 22:05:33.310 [main] LoggerLoad - -----------------------------------------------------------------------------------------------
[INFO ] 2023-09-09 22:05:33.329 [main] LoggerLoad - ===============================================================================================
[INFO ] 2023-09-09 22:05:33.329 [main] LoggerLoad - [@Register, @TC_Register_05] : The user is presented with error message for invalid username
[INFO ] 2023-09-09 22:05:33.329 [main] LoggerLoad - -----------------------------------------------------------------------------------------------
[INFO ] 2023-09-09 22:05:33.343 [main] LoggerLoad - ===============================================================================================
[INFO ] 2023-09-09 22:05:33.343 [main] LoggerLoad - [@Register, @TC_Register_06] : The user is presented with error message for username already exists
[INFO ] 2023-09-09 22:05:33.343 [main] LoggerLoad - -----------------------------------------------------------------------------------------------
[INFO ] 2023-09-09 22:05:33.359 [main] LoggerLoad - ===============================================================================================
[INFO ] 2023-09-09 22:05:33.359 [main] LoggerLoad - [@Register, @TC_Register_07] : The user is presented with error message for password mismatch
[INFO ] 2023-09-09 22:05:33.359 [main] LoggerLoad - -----------------------------------------------------------------------------------------------
[INFO ] 2023-09-09 22:05:33.387 [main] LoggerLoad - ===============================================================================================
[INFO ] 2023-09-09 22:05:33.387 [main] LoggerLoad - [@Register, @TC_Register_08] : The user is presented with error message for password with characters less than 8
[INFO ] 2023-09-09 22:05:33.387 [main] LoggerLoad - -----------------------------------------------------------------------------------------------
[INFO ] 2023-09-09 22:05:33.407 [main] LoggerLoad - ===============================================================================================
[INFO ] 2023-09-09 22:05:33.407 [main] LoggerLoad - [@Register, @TC_Register_09] : The user is presented with error message for password with only numbers
[INFO ] 2023-09-09 22:05:33.407 [main] LoggerLoad - -----------------------------------------------------------------------------------------------
[INFO ] 2023-09-09 22:05:33.436 [main] LoggerLoad - ===============================================================================================
[INFO ] 2023-09-09 22:05:33.436 [main] LoggerLoad - [@Register, @TC_Register_10] : The user is presented with error message for password too similar to your other personal information
[INFO ] 2023-09-09 22:05:33.436 [main] LoggerLoad - -----------------------------------------------------------------------------------------------
[INFO ] 2023-09-09 22:05:33.448 [main] LoggerLoad - ===============================================================================================
[INFO ] 2023-09-09 22:05:33.448 [main] LoggerLoad - [@Register, @TC_Register_11] : The user is presented with error message for commonly used password
[INFO ] 2023-09-09 22:05:33.448 [main] LoggerLoad - -----------------------------------------------------------------------------------------------
[INFO ] 2023-09-09 22:05:33.465 [main] LoggerLoad - ===============================================================================================
[INFO ] 2023-09-09 22:05:33.465 [main] LoggerLoad - [@Register, @TC_Register_12] : The user is succesfully able to register
[INFO ] 2023-09-09 22:05:33.465 [main] LoggerLoad - -----------------------------------------------------------------------------------------------
[INFO ] 2023-09-09 22:05:33.482 [main] LoggerLoad - ===============================================================================================
[INFO ] 2023-09-09 22:05:33.482 [main] LoggerLoad - [@Register, @TC_Register_13] : The user is able to signout from the registered page
[INFO ] 2023-09-09 22:05:33.482 [main] LoggerLoad - -----------------------------------------------------------------------------------------------
[INFO ] 2023-09-09 22:05:33.502 [main] LoggerLoad - ===============================================================================================
[INFO ] 2023-09-09 22:05:33.503 [main] LoggerLoad - [@Register, @TC_Register_01] : User launch home page of an dsalgo project
[INFO ] 2023-09-09 22:05:33.503 [main] LoggerLoad - -----------------------------------------------------------------------------------------------
[INFO ] 2023-09-09 22:05:33.515 [main] LoggerLoad - ===============================================================================================
[INFO ] 2023-09-09 22:05:33.516 [main] LoggerLoad - [@Register, @TC_Register_02] : The user is presented with error message for empty fields below Username textbox
[INFO ] 2023-09-09 22:05:33.516 [main] LoggerLoad - -----------------------------------------------------------------------------------------------
[INFO ] 2023-09-09 22:05:33.524 [main] LoggerLoad - ===============================================================================================
[INFO ] 2023-09-09 22:05:33.524 [main] LoggerLoad - [@Register, @TC_Register_03] : The user is presented with error message for empty fields below Password textbox
[INFO ] 2023-09-09 22:05:33.524 [main] LoggerLoad - -----------------------------------------------------------------------------------------------
[INFO ] 2023-09-09 22:05:33.559 [main] LoggerLoad - ===============================================================================================
[INFO ] 2023-09-09 22:05:33.560 [main] LoggerLoad - [@Register, @TC_Register_04] : The user is presented with error message for empty fields below Password Confirmation textbox
[INFO ] 2023-09-09 22:05:33.560 [main] LoggerLoad - -----------------------------------------------------------------------------------------------
[INFO ] 2023-09-09 22:05:33.574 [main] LoggerLoad - ===============================================================================================
[INFO ] 2023-09-09 22:05:33.574 [main] LoggerLoad - [@Register, @TC_Register_05] : The user is presented with error message for invalid username
[INFO ] 2023-09-09 22:05:33.574 [main] LoggerLoad - -----------------------------------------------------------------------------------------------
[INFO ] 2023-09-09 22:05:33.597 [main] LoggerLoad - ===============================================================================================
[INFO ] 2023-09-09 22:05:33.597 [main] LoggerLoad - [@Register, @TC_Register_06] : The user is presented with error message for username already exists
[INFO ] 2023-09-09 22:05:33.597 [main] LoggerLoad - -----------------------------------------------------------------------------------------------
[INFO ] 2023-09-09 22:05:33.627 [main] LoggerLoad - ===============================================================================================
[INFO ] 2023-09-09 22:05:33.632 [main] LoggerLoad - [@Register, @TC_Register_07] : The user is presented with error message for password mismatch
[INFO ] 2023-09-09 22:05:33.633 [main] LoggerLoad - -----------------------------------------------------------------------------------------------
[INFO ] 2023-09-09 22:05:33.661 [main] LoggerLoad - ===============================================================================================
[INFO ] 2023-09-09 22:05:33.661 [main] LoggerLoad - [@Register, @TC_Register_08] : The user is presented with error message for password with characters less than 8
[INFO ] 2023-09-09 22:05:33.661 [main] LoggerLoad - -----------------------------------------------------------------------------------------------
[INFO ] 2023-09-09 22:05:33.673 [main] LoggerLoad - ===============================================================================================
[INFO ] 2023-09-09 22:05:33.674 [main] LoggerLoad - [@Register, @TC_Register_09] : The user is presented with error message for password with only numbers
[INFO ] 2023-09-09 22:05:33.674 [main] LoggerLoad - -----------------------------------------------------------------------------------------------
[INFO ] 2023-09-09 22:05:33.687 [main] LoggerLoad - ===============================================================================================
[INFO ] 2023-09-09 22:05:33.687 [main] LoggerLoad - [@Register, @TC_Register_10] : The user is presented with error message for password too similar to your other personal information
[INFO ] 2023-09-09 22:05:33.687 [main] LoggerLoad - -----------------------------------------------------------------------------------------------
[INFO ] 2023-09-09 22:05:33.705 [main] LoggerLoad - ===============================================================================================
[INFO ] 2023-09-09 22:05:33.705 [main] LoggerLoad - [@Register, @TC_Register_11] : The user is presented with error message for commonly used password
[INFO ] 2023-09-09 22:05:33.705 [main] LoggerLoad - -----------------------------------------------------------------------------------------------
[INFO ] 2023-09-09 22:05:33.733 [main] LoggerLoad - ===============================================================================================
[INFO ] 2023-09-09 22:05:33.734 [main] LoggerLoad - [@Register, @TC_Register_12] : The user is succesfully able to register
[INFO ] 2023-09-09 22:05:33.734 [main] LoggerLoad - -----------------------------------------------------------------------------------------------
[INFO ] 2023-09-09 22:05:33.745 [main] LoggerLoad - ===============================================================================================
[INFO ] 2023-09-09 22:05:33.745 [main] LoggerLoad - [@Register, @TC_Register_13] : The user is able to signout from the registered page
[INFO ] 2023-09-09 22:05:33.745 [main] LoggerLoad - -----------------------------------------------------------------------------------------------
[INFO ] 2023-09-09 22:05:33.783 [main] LoggerLoad - ===============================================================================================
[INFO ] 2023-09-09 22:05:33.783 [main] LoggerLoad - [@Register, @TC_Register_01] : User launch home page of an dsalgo project
[INFO ] 2023-09-09 22:05:33.783 [main] LoggerLoad - -----------------------------------------------------------------------------------------------
[INFO ] 2023-09-09 22:05:33.799 [main] LoggerLoad - ===============================================================================================
[INFO ] 2023-09-09 22:05:33.799 [main] LoggerLoad - [@Register, @TC_Register_02] : The user is presented with error message for empty fields below Username textbox
[INFO ] 2023-09-09 22:05:33.799 [main] LoggerLoad - -----------------------------------------------------------------------------------------------
[INFO ] 2023-09-09 22:05:33.812 [main] LoggerLoad - ===============================================================================================
[INFO ] 2023-09-09 22:05:33.813 [main] LoggerLoad - [@Register, @TC_Register_03] : The user is presented with error message for empty fields below Password textbox
[INFO ] 2023-09-09 22:05:33.813 [main] LoggerLoad - -----------------------------------------------------------------------------------------------
[INFO ] 2023-09-09 22:05:33.830 [main] LoggerLoad - ===============================================================================================
[INFO ] 2023-09-09 22:05:33.830 [main] LoggerLoad - [@Register, @TC_Register_04] : The user is presented with error message for empty fields below Password Confirmation textbox
[INFO ] 2023-09-09 22:05:33.830 [main] LoggerLoad - -----------------------------------------------------------------------------------------------
[INFO ] 2023-09-09 22:05:33.844 [main] LoggerLoad - ===============================================================================================
[INFO ] 2023-09-09 22:05:33.844 [main] LoggerLoad - [@Register, @TC_Register_05] : The user is presented with error message for invalid username
[INFO ] 2023-09-09 22:05:33.844 [main] LoggerLoad - -----------------------------------------------------------------------------------------------
[INFO ] 2023-09-09 22:05:33.860 [main] LoggerLoad - ===============================================================================================
[INFO ] 2023-09-09 22:05:33.860 [main] LoggerLoad - [@Register, @TC_Register_06] : The user is presented with error message for username already exists
[INFO ] 2023-09-09 22:05:33.860 [main] LoggerLoad - -----------------------------------------------------------------------------------------------
[INFO ] 2023-09-09 22:05:33.887 [main] LoggerLoad - ===============================================================================================
[INFO ] 2023-09-09 22:05:33.887 [main] LoggerLoad - [@Register, @TC_Register_07] : The user is presented with error message for password mismatch
[INFO ] 2023-09-09 22:05:33.887 [main] LoggerLoad - -----------------------------------------------------------------------------------------------
[INFO ] 2023-09-09 22:05:33.919 [main] LoggerLoad - ===============================================================================================
[INFO ] 2023-09-09 22:05:33.919 [main] LoggerLoad - [@Register, @TC_Register_08] : The user is presented with error message for password with characters less than 8
[INFO ] 2023-09-09 22:05:33.919 [main] LoggerLoad - -----------------------------------------------------------------------------------------------
[INFO ] 2023-09-09 22:05:33.933 [main] LoggerLoad - ===============================================================================================
[INFO ] 2023-09-09 22:05:33.933 [main] LoggerLoad - [@Register, @TC_Register_09] : The user is presented with error message for password with only numbers
[INFO ] 2023-09-09 22:05:33.933 [main] LoggerLoad - -----------------------------------------------------------------------------------------------
[INFO ] 2023-09-09 22:05:33.946 [main] LoggerLoad - ===============================================================================================
[INFO ] 2023-09-09 22:05:33.946 [main] LoggerLoad - [@Register, @TC_Register_10] : The user is presented with error message for password too similar to your other personal information
[INFO ] 2023-09-09 22:05:33.946 [main] LoggerLoad - -----------------------------------------------------------------------------------------------
[INFO ] 2023-09-09 22:05:33.997 [main] LoggerLoad - ===============================================================================================
[INFO ] 2023-09-09 22:05:34.000 [main] LoggerLoad - [@Register, @TC_Register_11] : The user is presented with error message for commonly used password
[INFO ] 2023-09-09 22:05:34.000 [main] LoggerLoad - -----------------------------------------------------------------------------------------------
[INFO ] 2023-09-09 22:05:34.081 [main] LoggerLoad - ===============================================================================================
[INFO ] 2023-09-09 22:05:34.083 [main] LoggerLoad - [@Register, @TC_Register_12] : The user is succesfully able to register
[INFO ] 2023-09-09 22:05:34.084 [main] LoggerLoad - -----------------------------------------------------------------------------------------------
[INFO ] 2023-09-09 22:05:34.151 [main] LoggerLoad - ===============================================================================================
[INFO ] 2023-09-09 22:05:34.152 [main] LoggerLoad - [@Register, @TC_Register_13] : The user is able to signout from the registered page
[INFO ] 2023-09-09 22:05:34.152 [main] LoggerLoad - -----------------------------------------------------------------------------------------------
[INFO ] 2023-09-09 22:05:34.296 [main] LoggerLoad - ===============================================================================================
[INFO ] 2023-09-09 22:05:34.303 [main] LoggerLoad - [@Register, @TC_Register_01] : User launch home page of an dsalgo project
[INFO ] 2023-09-09 22:05:34.303 [main] LoggerLoad - -----------------------------------------------------------------------------------------------
[INFO ] 2023-09-09 22:05:34.404 [main] LoggerLoad - ===============================================================================================
[INFO ] 2023-09-09 22:05:34.409 [main] LoggerLoad - [@Register, @TC_Register_02] : The user is presented with error message for empty fields below Username textbox
[INFO ] 2023-09-09 22:05:34.410 [main] LoggerLoad - -----------------------------------------------------------------------------------------------
[INFO ] 2023-09-09 22:05:34.481 [main] LoggerLoad - ===============================================================================================
[INFO ] 2023-09-09 22:05:34.482 [main] LoggerLoad - [@Register, @TC_Register_03] : The user is presented with error message for empty fields below Password textbox
[INFO ] 2023-09-09 22:05:34.483 [main] LoggerLoad - -----------------------------------------------------------------------------------------------
[INFO ] 2023-09-09 22:05:34.788 [main] LoggerLoad - ===============================================================================================
[INFO ] 2023-09-09 22:05:34.795 [main] LoggerLoad - [@Register, @TC_Register_04] : The user is presented with error message for empty fields below Password Confirmation textbox
[INFO ] 2023-09-09 22:05:34.795 [main] LoggerLoad - -----------------------------------------------------------------------------------------------
[INFO ] 2023-09-09 22:05:34.920 [main] LoggerLoad - ===============================================================================================
[INFO ] 2023-09-09 22:05:34.920 [main] LoggerLoad - [@Register, @TC_Register_05] : The user is presented with error message for invalid username
[INFO ] 2023-09-09 22:05:34.938 [main] LoggerLoad - -----------------------------------------------------------------------------------------------
[INFO ] 2023-09-09 22:05:35.061 [main] LoggerLoad - ===============================================================================================
[INFO ] 2023-09-09 22:05:35.062 [main] LoggerLoad - [@Register, @TC_Register_06] : The user is presented with error message for username already exists
[INFO ] 2023-09-09 22:05:35.062 [main] LoggerLoad - -----------------------------------------------------------------------------------------------
[INFO ] 2023-09-09 22:05:35.306 [main] LoggerLoad - ===============================================================================================
[INFO ] 2023-09-09 22:05:35.309 [main] LoggerLoad - [@Register, @TC_Register_07] : The user is presented with error message for password mismatch
[INFO ] 2023-09-09 22:05:35.309 [main] LoggerLoad - -----------------------------------------------------------------------------------------------
[INFO ] 2023-09-09 22:05:35.330 [main] LoggerLoad - ===============================================================================================
[INFO ] 2023-09-09 22:05:35.330 [main] LoggerLoad - [@Register, @TC_Register_08] : The user is presented with error message for password with characters less than 8
[INFO ] 2023-09-09 22:05:35.330 [main] LoggerLoad - -----------------------------------------------------------------------------------------------
[INFO ] 2023-09-09 22:05:35.344 [main] LoggerLoad - ===============================================================================================
[INFO ] 2023-09-09 22:05:35.344 [main] LoggerLoad - [@Register, @TC_Register_09] : The user is presented with error message for password with only numbers
[INFO ] 2023-09-09 22:05:35.344 [main] LoggerLoad - -----------------------------------------------------------------------------------------------
[INFO ] 2023-09-09 22:05:35.353 [main] LoggerLoad - ===============================================================================================
[INFO ] 2023-09-09 22:05:35.353 [main] LoggerLoad - [@Register, @TC_Register_10] : The user is presented with error message for password too similar to your other personal information
[INFO ] 2023-09-09 22:05:35.353 [main] LoggerLoad - -----------------------------------------------------------------------------------------------
[INFO ] 2023-09-09 22:05:35.369 [main] LoggerLoad - ===============================================================================================
[INFO ] 2023-09-09 22:05:35.369 [main] LoggerLoad - [@Register, @TC_Register_11] : The user is presented with error message for commonly used password
[INFO ] 2023-09-09 22:05:35.369 [main] LoggerLoad - -----------------------------------------------------------------------------------------------
[INFO ] 2023-09-09 22:05:35.380 [main] LoggerLoad - ===============================================================================================
[INFO ] 2023-09-09 22:05:35.380 [main] LoggerLoad - [@Register, @TC_Register_12] : The user is succesfully able to register
[INFO ] 2023-09-09 22:05:35.380 [main] LoggerLoad - -----------------------------------------------------------------------------------------------
[INFO ] 2023-09-09 22:05:35.389 [main] LoggerLoad - ===============================================================================================
[INFO ] 2023-09-09 22:05:35.389 [main] LoggerLoad - [@Register, @TC_Register_13] : The user is able to signout from the registered page
[INFO ] 2023-09-09 22:05:35.389 [main] LoggerLoad - -----------------------------------------------------------------------------------------------
[INFO ] 2023-09-09 22:05:35.415 [main] LoggerLoad - ===============================================================================================
[INFO ] 2023-09-09 22:05:35.415 [main] LoggerLoad - [@Register, @TC_Register_01] : User launch home page of an dsalgo project
[INFO ] 2023-09-09 22:05:35.415 [main] LoggerLoad - -----------------------------------------------------------------------------------------------
[INFO ] 2023-09-09 22:05:35.432 [main] LoggerLoad - ===============================================================================================
[INFO ] 2023-09-09 22:05:35.432 [main] LoggerLoad - [@Register, @TC_Register_02] : The user is presented with error message for empty fields below Username textbox
[INFO ] 2023-09-09 22:05:35.432 [main] LoggerLoad - -----------------------------------------------------------------------------------------------
[INFO ] 2023-09-09 22:05:35.439 [main] LoggerLoad - ===============================================================================================
[INFO ] 2023-09-09 22:05:35.439 [main] LoggerLoad - [@Register, @TC_Register_03] : The user is presented with error message for empty fields below Password textbox
[INFO ] 2023-09-09 22:05:35.439 [main] LoggerLoad - -----------------------------------------------------------------------------------------------
[INFO ] 2023-09-09 22:05:35.448 [main] LoggerLoad - ===============================================================================================
[INFO ] 2023-09-09 22:05:35.448 [main] LoggerLoad - [@Register, @TC_Register_04] : The user is presented with error message for empty fields below Password Confirmation textbox
[INFO ] 2023-09-09 22:05:35.448 [main] LoggerLoad - -----------------------------------------------------------------------------------------------
[INFO ] 2023-09-09 22:05:35.466 [main] LoggerLoad - ===============================================================================================
[INFO ] 2023-09-09 22:05:35.466 [main] LoggerLoad - [@Register, @TC_Register_05] : The user is presented with error message for invalid username
[INFO ] 2023-09-09 22:05:35.466 [main] LoggerLoad - -----------------------------------------------------------------------------------------------
[INFO ] 2023-09-09 22:05:35.475 [main] LoggerLoad - ===============================================================================================
[INFO ] 2023-09-09 22:05:35.476 [main] LoggerLoad - [@Register, @TC_Register_06] : The user is presented with error message for username already exists
[INFO ] 2023-09-09 22:05:35.476 [main] LoggerLoad - -----------------------------------------------------------------------------------------------
[INFO ] 2023-09-09 22:05:35.483 [main] LoggerLoad - ===============================================================================================
[INFO ] 2023-09-09 22:05:35.483 [main] LoggerLoad - [@Register, @TC_Register_07] : The user is presented with error message for password mismatch
[INFO ] 2023-09-09 22:05:35.483 [main] LoggerLoad - -----------------------------------------------------------------------------------------------
[INFO ] 2023-09-09 22:05:35.496 [main] LoggerLoad - ===============================================================================================
[INFO ] 2023-09-09 22:05:35.497 [main] LoggerLoad - [@Register, @TC_Register_08] : The user is presented with error message for password with characters less than 8
[INFO ] 2023-09-09 22:05:35.497 [main] LoggerLoad - -----------------------------------------------------------------------------------------------
[INFO ] 2023-09-09 22:05:35.506 [main] LoggerLoad - ===============================================================================================
[INFO ] 2023-09-09 22:05:35.507 [main] LoggerLoad - [@Register, @TC_Register_09] : The user is presented with error message for password with only numbers
[INFO ] 2023-09-09 22:05:35.507 [main] LoggerLoad - -----------------------------------------------------------------------------------------------
[INFO ] 2023-09-09 22:05:35.513 [main] LoggerLoad - ===============================================================================================
[INFO ] 2023-09-09 22:05:35.513 [main] LoggerLoad - [@Register, @TC_Register_10] : The user is presented with error message for password too similar to your other personal information
[INFO ] 2023-09-09 22:05:35.513 [main] LoggerLoad - -----------------------------------------------------------------------------------------------
[INFO ] 2023-09-09 22:05:35.523 [main] LoggerLoad - ===============================================================================================
[INFO ] 2023-09-09 22:05:35.527 [main] LoggerLoad - [@Register, @TC_Register_11] : The user is presented with error message for commonly used password
[INFO ] 2023-09-09 22:05:35.527 [main] LoggerLoad - -----------------------------------------------------------------------------------------------
[INFO ] 2023-09-09 22:05:35.541 [main] LoggerLoad - ===============================================================================================
[INFO ] 2023-09-09 22:05:35.542 [main] LoggerLoad - [@Register, @TC_Register_12] : The user is succesfully able to register
[INFO ] 2023-09-09 22:05:35.542 [main] LoggerLoad - -----------------------------------------------------------------------------------------------
[INFO ] 2023-09-09 22:05:35.557 [main] LoggerLoad - ===============================================================================================
[INFO ] 2023-09-09 22:05:35.557 [main] LoggerLoad - [@Register, @TC_Register_13] : The user is able to signout from the registered page
[INFO ] 2023-09-09 22:05:35.558 [main] LoggerLoad - -----------------------------------------------------------------------------------------------
[INFO ] 2023-09-09 22:05:35.567 [main] LoggerLoad - ===============================================================================================
[INFO ] 2023-09-09 22:05:35.568 [main] LoggerLoad - [@Register, @TC_Register_01] : User launch home page of an dsalgo project
[INFO ] 2023-09-09 22:05:35.568 [main] LoggerLoad - -----------------------------------------------------------------------------------------------
[INFO ] 2023-09-09 22:05:35.574 [main] LoggerLoad - ===============================================================================================
[INFO ] 2023-09-09 22:05:35.575 [main] LoggerLoad - [@Register, @TC_Register_02] : The user is presented with error message for empty fields below Username textbox
[INFO ] 2023-09-09 22:05:35.575 [main] LoggerLoad - -----------------------------------------------------------------------------------------------
[INFO ] 2023-09-09 22:05:35.581 [main] LoggerLoad - ===============================================================================================
[INFO ] 2023-09-09 22:05:35.581 [main] LoggerLoad - [@Register, @TC_Register_03] : The user is presented with error message for empty fields below Password textbox
[INFO ] 2023-09-09 22:05:35.581 [main] LoggerLoad - -----------------------------------------------------------------------------------------------
[INFO ] 2023-09-09 22:05:35.590 [main] LoggerLoad - ===============================================================================================
[INFO ] 2023-09-09 22:05:35.590 [main] LoggerLoad - [@Register, @TC_Register_04] : The user is presented with error message for empty fields below Password Confirmation textbox
[INFO ] 2023-09-09 22:05:35.590 [main] LoggerLoad - -----------------------------------------------------------------------------------------------
[INFO ] 2023-09-09 22:05:35.596 [main] LoggerLoad - ===============================================================================================
[INFO ] 2023-09-09 22:05:35.596 [main] LoggerLoad - [@Register, @TC_Register_05] : The user is presented with error message for invalid username
[INFO ] 2023-09-09 22:05:35.596 [main] LoggerLoad - -----------------------------------------------------------------------------------------------
[INFO ] 2023-09-09 22:05:35.604 [main] LoggerLoad - ===============================================================================================
[INFO ] 2023-09-09 22:05:35.604 [main] LoggerLoad - [@Register, @TC_Register_06] : The user is presented with error message for username already exists
[INFO ] 2023-09-09 22:05:35.604 [main] LoggerLoad - -----------------------------------------------------------------------------------------------
[INFO ] 2023-09-09 22:05:35.613 [main] LoggerLoad - ===============================================================================================
[INFO ] 2023-09-09 22:05:35.613 [main] LoggerLoad - [@Register, @TC_Register_07] : The user is presented with error message for password mismatch
[INFO ] 2023-09-09 22:05:35.613 [main] LoggerLoad - -----------------------------------------------------------------------------------------------
[INFO ] 2023-09-09 22:05:35.641 [main] LoggerLoad - ===============================================================================================
[INFO ] 2023-09-09 22:05:35.641 [main] LoggerLoad - [@Register, @TC_Register_08] : The user is presented with error message for password with characters less than 8
[INFO ] 2023-09-09 22:05:35.641 [main] LoggerLoad - -----------------------------------------------------------------------------------------------
[INFO ] 2023-09-09 22:05:35.662 [main] LoggerLoad - ===============================================================================================
[INFO ] 2023-09-09 22:05:35.662 [main] LoggerLoad - [@Register, @TC_Register_09] : The user is presented with error message for password with only numbers
[INFO ] 2023-09-09 22:05:35.662 [main] LoggerLoad - -----------------------------------------------------------------------------------------------
[INFO ] 2023-09-09 22:05:35.670 [main] LoggerLoad - ===============================================================================================
[INFO ] 2023-09-09 22:05:35.670 [main] LoggerLoad - [@Register, @TC_Register_10] : The user is presented with error message for password too similar to your other personal information
[INFO ] 2023-09-09 22:05:35.670 [main] LoggerLoad - -----------------------------------------------------------------------------------------------
[INFO ] 2023-09-09 22:05:35.675 [main] LoggerLoad - ===============================================================================================
[INFO ] 2023-09-09 22:05:35.675 [main] LoggerLoad - [@Register, @TC_Register_11] : The user is presented with error message for commonly used password
[INFO ] 2023-09-09 22:05:35.675 [main] LoggerLoad - -----------------------------------------------------------------------------------------------
[INFO ] 2023-09-09 22:05:35.688 [main] LoggerLoad - ===============================================================================================
[INFO ] 2023-09-09 22:05:35.688 [main] LoggerLoad - [@Register, @TC_Register_12] : The user is succesfully able to register
[INFO ] 2023-09-09 22:05:35.688 [main] LoggerLoad - -----------------------------------------------------------------------------------------------
[INFO ] 2023-09-09 22:05:35.698 [main] LoggerLoad - ===============================================================================================
[INFO ] 2023-09-09 22:05:35.698 [main] LoggerLoad - [@Register, @TC_Register_13] : The user is able to signout from the registered page
[INFO ] 2023-09-09 22:05:35.698 [main] LoggerLoad - -----------------------------------------------------------------------------------------------
[INFO ] 2023-09-09 22:05:35.725 [main] LoggerLoad - Closing Driver
